build/app/intermediates/manifest_merge_blame_file/debug/manifest-merger-blame-debug-report.txt
1<?xml version="1.0" encoding="utf-8"?>
2<manifest xmlns:android="http://schemas.android.com/apk/res/android"
3    package="com.example.itutor"
4    android:versionCode="1"
5    android:versionName="1.0.0" >
6
7    <uses-sdk
8        android:minSdkVersion="16"
9        android:targetSdkVersion="28" />
10    <!--
11         Flutter needs it to communicate with the running application
12         to allow setting breakpoints, to provide hot reload, etc.
13    -->
14    <uses-permission android:name="android.permission.INTERNET" />
14-->src/main/AndroidManifest.xml:40:5-66
14-->src/main/AndroidManifest.xml:40:22-64
15    <uses-permission android:name="android.permission.ACCESS_NETWORK_STATE" />
15-->[com.google.android.gms:play-services-measurement:17.2.2] AndroidManifest.xml:24:5-79
15-->[com.google.android.gms:play-services-measurement:17.2.2] AndroidManifest.xml:24:22-76
16    <uses-permission android:name="android.permission.WAKE_LOCK" />
16-->[com.google.android.gms:play-services-measurement:17.2.2] AndroidManifest.xml:25:5-68
16-->[com.google.android.gms:play-services-measurement:17.2.2] AndroidManifest.xml:25:22-65
17    <uses-permission android:name="com.google.android.finsky.permission.BIND_GET_INSTALL_REFERRER_SERVICE" /> <!-- Required by older versions of Google Play services to create IID tokens -->
17-->[com.google.android.gms:play-services-measurement:17.2.2] AndroidManifest.xml:26:5-110
17-->[com.google.android.gms:play-services-measurement:17.2.2] AndroidManifest.xml:26:22-107
18    <uses-permission android:name="com.google.android.c2dm.permission.RECEIVE" />
18-->[com.google.firebase:firebase-iid:20.0.2] AndroidManifest.xml:26:5-82
18-->[com.google.firebase:firebase-iid:20.0.2] AndroidManifest.xml:26:22-79
19    <!--
20 io.flutter.app.FlutterApplication is an android.app.Application that
21         calls FlutterMain.startInitialization(this); in its onCreate method.
22         In most cases you can leave this as-is, but you if you want to provide
23         additional functionality it is fine to subclass or reimplement
24         FlutterApplication and put your custom class here.
25    -->
26    <application
26-->src/main/AndroidManifest.xml:8:5-38:19
27        android:name="io.flutter.app.FlutterApplication"
27-->src/main/AndroidManifest.xml:9:9-57
28        android:appComponentFactory="androidx.core.app.CoreComponentFactory"
28-->[androidx.core:core:1.0.0] AndroidManifest.xml:22:18-86
29        android:debuggable="true"
30        android:icon="@mipmap/ic_launcher"
30-->src/main/AndroidManifest.xml:11:9-43
31        android:label="itutor"
31-->src/main/AndroidManifest.xml:10:9-31
32        android:supportsRtl="true" >
32-->[com.facebook.android:facebook-login:5.5.1] AndroidManifest.xml:28:18-44
33        <activity
33-->src/main/AndroidManifest.xml:12:9-23:20
34            android:name="com.example.itutor.MainActivity"
34-->src/main/AndroidManifest.xml:13:13-41
35            android:configChanges="orientation|keyboardHidden|keyboard|screenSize|smallestScreenSize|locale|layoutDirection|fontScale|screenLayout|density|uiMode"
35-->src/main/AndroidManifest.xml:16:13-163
36            android:hardwareAccelerated="true"
36-->src/main/AndroidManifest.xml:17:13-47
37            android:launchMode="singleTop"
37-->src/main/AndroidManifest.xml:14:13-43
38            android:theme="@style/LaunchTheme"
38-->src/main/AndroidManifest.xml:15:13-47
39            android:windowSoftInputMode="adjustResize" >
39-->src/main/AndroidManifest.xml:18:13-55
40            <intent-filter>
40-->src/main/AndroidManifest.xml:19:13-22:29
41                <action android:name="android.intent.action.MAIN" />
41-->src/main/AndroidManifest.xml:20:17-68
41-->src/main/AndroidManifest.xml:20:25-66
42
43                <category android:name="android.intent.category.LAUNCHER" />
43-->src/main/AndroidManifest.xml:21:17-76
43-->src/main/AndroidManifest.xml:21:27-74
44            </intent-filter>
45        </activity>
46        <!--
47             Don't delete the meta-data below.
48             This is used by the Flutter tool to generate GeneratedPluginRegistrant.java
49        -->
50        <meta-data
50-->src/main/AndroidManifest.xml:26:9-28:33
51            android:name="flutterEmbedding"
51-->src/main/AndroidManifest.xml:27:13-44
52            android:value="2" />
52-->src/main/AndroidManifest.xml:28:13-30
53        <meta-data
53-->src/main/AndroidManifest.xml:29:9-107
54            android:name="com.facebook.sdk.ApplicationId"
54-->src/main/AndroidManifest.xml:29:20-65
55            android:value="@string/facebook_app_id" />
55-->src/main/AndroidManifest.xml:29:66-105
56
57        <activity
57-->src/main/AndroidManifest.xml:30:9-184
58            android:name="com.facebook.FacebookActivity"
58-->src/main/AndroidManifest.xml:30:19-63
59            android:configChanges="keyboard|keyboardHidden|screenLayout|screenSize|orientation"
59-->src/main/AndroidManifest.xml:30:64-148
60            android:label="@string/app_name"
60-->src/main/AndroidManifest.xml:30:149-181
61            android:theme="@style/com_facebook_activity_theme" />
61-->[com.facebook.android:facebook-common:5.5.1] AndroidManifest.xml:32:13-63
62        <activity
62-->src/main/AndroidManifest.xml:31:9-37:20
63            android:name="com.facebook.CustomTabActivity"
63-->src/main/AndroidManifest.xml:31:19-64
64            android:exported="true" >
64-->src/main/AndroidManifest.xml:31:65-88
65            <intent-filter>
65-->src/main/AndroidManifest.xml:32:13-36:29
66                <action android:name="android.intent.action.VIEW" />
66-->src/main/AndroidManifest.xml:32:29-81
66-->src/main/AndroidManifest.xml:32:37-78
67
68                <category android:name="android.intent.category.DEFAULT" />
68-->src/main/AndroidManifest.xml:33:17-76
68-->src/main/AndroidManifest.xml:33:27-73
69                <category android:name="android.intent.category.BROWSABLE" />
69-->src/main/AndroidManifest.xml:34:17-78
69-->src/main/AndroidManifest.xml:34:27-75
70
71                <data android:scheme="@string/fb_login_protocol_scheme" />
71-->src/main/AndroidManifest.xml:35:17-75
71-->src/main/AndroidManifest.xml:35:23-72
72            </intent-filter>
73        </activity>
74
75        <service
75-->[:firebase_auth] AndroidManifest.xml:8:9-12:19
76            android:name="com.google.firebase.components.ComponentDiscoveryService"
76-->[:firebase_auth] AndroidManifest.xml:8:18-89
77            android:directBootAware="true"
77-->[com.google.firebase:firebase-common:19.3.0] AndroidManifest.xml:34:13-43
78            android:exported="false" >
78-->[com.google.firebase:firebase-auth:19.2.0] AndroidManifest.xml:35:13-37
79            <meta-data
79-->[:firebase_auth] AndroidManifest.xml:9:13-11:85
80                android:name="com.google.firebase.components:io.flutter.plugins.firebaseauth.FlutterFirebaseAppRegistrar"
80-->[:firebase_auth] AndroidManifest.xml:10:17-122
81                android:value="com.google.firebase.components.ComponentRegistrar" />
81-->[:firebase_auth] AndroidManifest.xml:11:17-82
82            <meta-data
82-->[:firebase_core] AndroidManifest.xml:9:13-11:85
83                android:name="com.google.firebase.components:io.flutter.plugins.firebase.core.FlutterFirebaseAppRegistrar"
83-->[:firebase_core] AndroidManifest.xml:10:17-123
84                android:value="com.google.firebase.components.ComponentRegistrar" />
84-->[:firebase_core] AndroidManifest.xml:11:17-82
85            <meta-data
85-->[com.google.firebase:firebase-auth:19.2.0] AndroidManifest.xml:36:13-38:85
86                android:name="com.google.firebase.components:com.google.firebase.auth.FirebaseAuthRegistrar"
86-->[com.google.firebase:firebase-auth:19.2.0] AndroidManifest.xml:37:17-109
87                android:value="com.google.firebase.components.ComponentRegistrar" />
87-->[com.google.firebase:firebase-auth:19.2.0] AndroidManifest.xml:38:17-82
88            <meta-data
88-->[com.google.android.gms:play-services-measurement-api:17.2.2] AndroidManifest.xml:30:13-32:85
89                android:name="com.google.firebase.components:com.google.firebase.analytics.connector.internal.AnalyticsConnectorRegistrar"
89-->[com.google.android.gms:play-services-measurement-api:17.2.2] AndroidManifest.xml:31:17-139
90                android:value="com.google.firebase.components.ComponentRegistrar" />
90-->[com.google.android.gms:play-services-measurement-api:17.2.2] AndroidManifest.xml:32:17-82
91            <meta-data
91-->[com.google.firebase:firebase-iid:20.0.2] AndroidManifest.xml:32:13-34:85
92                android:name="com.google.firebase.components:com.google.firebase.iid.Registrar"
92-->[com.google.firebase:firebase-iid:20.0.2] AndroidManifest.xml:33:17-96
93                android:value="com.google.firebase.components.ComponentRegistrar" />
93-->[com.google.firebase:firebase-iid:20.0.2] AndroidManifest.xml:34:17-82
94        </service>
95
96        <activity
96-->[com.google.firebase:firebase-auth:19.2.0] AndroidManifest.xml:24:9-31:50
97            android:name="com.google.firebase.auth.internal.FederatedSignInActivity"
97-->[com.google.firebase:firebase-auth:19.2.0] AndroidManifest.xml:25:13-85
98            android:excludeFromRecents="true"
98-->[com.google.firebase:firebase-auth:19.2.0] AndroidManifest.xml:26:13-46
99            android:exported="true"
99-->[com.google.firebase:firebase-auth:19.2.0] AndroidManifest.xml:27:13-36
100            android:launchMode="singleTask"
100-->[com.google.firebase:firebase-auth:19.2.0] AndroidManifest.xml:28:13-44
101            android:permission="com.google.firebase.auth.api.gms.permission.LAUNCH_FEDERATED_SIGN_IN"
101-->[com.google.firebase:firebase-auth:19.2.0] AndroidManifest.xml:29:13-102
102            android:theme="@android:style/Theme.Translucent.NoTitleBar" />
102-->[com.google.firebase:firebase-auth:19.2.0] AndroidManifest.xml:30:13-72
103
104        <receiver
104-->[com.google.android.gms:play-services-measurement:17.2.2] AndroidManifest.xml:29:9-33:20
105            android:name="com.google.android.gms.measurement.AppMeasurementReceiver"
105-->[com.google.android.gms:play-services-measurement:17.2.2] AndroidManifest.xml:30:13-85
106            android:enabled="true"
106-->[com.google.android.gms:play-services-measurement:17.2.2] AndroidManifest.xml:31:13-35
107            android:exported="false" >
107-->[com.google.android.gms:play-services-measurement:17.2.2] AndroidManifest.xml:32:13-37
108        </receiver>
109        <receiver
109-->[com.google.android.gms:play-services-measurement:17.2.2] AndroidManifest.xml:34:9-42:20
110            android:name="com.google.android.gms.measurement.AppMeasurementInstallReferrerReceiver"
110-->[com.google.android.gms:play-services-measurement:17.2.2] AndroidManifest.xml:35:13-100
111            android:enabled="true"
111-->[com.google.android.gms:play-services-measurement:17.2.2] AndroidManifest.xml:36:13-35
112            android:exported="true"
112-->[com.google.android.gms:play-services-measurement:17.2.2] AndroidManifest.xml:37:13-36
113            android:permission="android.permission.INSTALL_PACKAGES" >
113-->[com.google.android.gms:play-services-measurement:17.2.2] AndroidManifest.xml:38:13-69
114            <intent-filter>
114-->[com.google.android.gms:play-services-measurement:17.2.2] AndroidManifest.xml:39:13-41:29
115                <action android:name="com.android.vending.INSTALL_REFERRER" />
115-->[com.google.android.gms:play-services-measurement:17.2.2] AndroidManifest.xml:40:17-79
115-->[com.google.android.gms:play-services-measurement:17.2.2] AndroidManifest.xml:40:25-76
116            </intent-filter>
117        </receiver>
118
119        <service
119-->[com.google.android.gms:play-services-measurement:17.2.2] AndroidManifest.xml:44:9-47:40
120            android:name="com.google.android.gms.measurement.AppMeasurementService"
120-->[com.google.android.gms:play-services-measurement:17.2.2] AndroidManifest.xml:45:13-84
121            android:enabled="true"
121-->[com.google.android.gms:play-services-measurement:17.2.2] AndroidManifest.xml:46:13-35
122            android:exported="false" />
122-->[com.google.android.gms:play-services-measurement:17.2.2] AndroidManifest.xml:47:13-37
123        <service
123-->[com.google.android.gms:play-services-measurement:17.2.2] AndroidManifest.xml:48:9-52:72
124            android:name="com.google.android.gms.measurement.AppMeasurementJobService"
124-->[com.google.android.gms:play-services-measurement:17.2.2] AndroidManifest.xml:49:13-87
125            android:enabled="true"
125-->[com.google.android.gms:play-services-measurement:17.2.2] AndroidManifest.xml:50:13-35
126            android:exported="false"
126-->[com.google.android.gms:play-services-measurement:17.2.2] AndroidManifest.xml:51:13-37
127            android:permission="android.permission.BIND_JOB_SERVICE" />
127-->[com.google.android.gms:play-services-measurement:17.2.2] AndroidManifest.xml:52:13-69
128
129        <receiver
129-->[com.google.firebase:firebase-iid:20.0.2] AndroidManifest.xml:37:9-44:20
130            android:name="com.google.firebase.iid.FirebaseInstanceIdReceiver"
130-->[com.google.firebase:firebase-iid:20.0.2] AndroidManifest.xml:38:13-78
131            android:exported="true"
131-->[com.google.firebase:firebase-iid:20.0.2] AndroidManifest.xml:39:13-36
132            android:permission="com.google.android.c2dm.permission.SEND" >
132-->[com.google.firebase:firebase-iid:20.0.2] AndroidManifest.xml:40:13-73
133            <intent-filter>
133-->[com.google.firebase:firebase-iid:20.0.2] AndroidManifest.xml:41:13-43:29
134                <action android:name="com.google.android.c2dm.intent.RECEIVE" />
134-->[com.google.firebase:firebase-iid:20.0.2] AndroidManifest.xml:42:17-81
134-->[com.google.firebase:firebase-iid:20.0.2] AndroidManifest.xml:42:25-78
135            </intent-filter>
136        </receiver>
137
138        <provider
138-->[com.google.firebase:firebase-common:19.3.0] AndroidManifest.xml:26:9-30:39
139            android:name="com.google.firebase.provider.FirebaseInitProvider"
139-->[com.google.firebase:firebase-common:19.3.0] AndroidManifest.xml:27:13-77
140            android:authorities="com.example.itutor.firebaseinitprovider"
140-->[com.google.firebase:firebase-common:19.3.0] AndroidManifest.xml:28:13-72
141            android:exported="false"
141-->[com.google.firebase:firebase-common:19.3.0] AndroidManifest.xml:29:13-37
142            android:initOrder="100" />
142-->[com.google.firebase:firebase-common:19.3.0] AndroidManifest.xml:30:13-36
143
144        <activity
144-->[com.google.android.gms:play-services-auth:16.0.1] AndroidManifest.xml:23:9-27:75
145            android:name="com.google.android.gms.auth.api.signin.internal.SignInHubActivity"
145-->[com.google.android.gms:play-services-auth:16.0.1] AndroidManifest.xml:24:13-93
146            android:excludeFromRecents="true"
146-->[com.google.android.gms:play-services-auth:16.0.1] AndroidManifest.xml:25:13-46
147            android:exported="false"
147-->[com.google.android.gms:play-services-auth:16.0.1] AndroidManifest.xml:26:13-37
148            android:theme="@android:style/Theme.Translucent.NoTitleBar" />
148-->[com.google.android.gms:play-services-auth:16.0.1] AndroidManifest.xml:27:13-72
149        <!--
150            Service handling Google Sign-In user revocation. For apps that do not integrate with
151            Google Sign-In, this service will never be started.
152        -->
153        <service
153-->[com.google.android.gms:play-services-auth:16.0.1] AndroidManifest.xml:33:9-36:110
154            android:name="com.google.android.gms.auth.api.signin.RevocationBoundService"
154-->[com.google.android.gms:play-services-auth:16.0.1] AndroidManifest.xml:34:13-89
155            android:exported="true"
155-->[com.google.android.gms:play-services-auth:16.0.1] AndroidManifest.xml:35:13-36
156            android:permission="com.google.android.gms.auth.api.signin.permission.REVOCATION_NOTIFICATION" />
156-->[com.google.android.gms:play-services-auth:16.0.1] AndroidManifest.xml:36:13-107
157
158        <activity
158-->[com.google.android.gms:play-services-base:17.1.0] AndroidManifest.xml:23:9-26:75
159            android:name="com.google.android.gms.common.api.GoogleApiActivity"
159-->[com.google.android.gms:play-services-base:17.1.0] AndroidManifest.xml:24:13-79
160            android:exported="false"
160-->[com.google.android.gms:play-services-base:17.1.0] AndroidManifest.xml:25:13-37
161            android:theme="@android:style/Theme.Translucent.NoTitleBar" />
161-->[com.google.android.gms:play-services-base:17.1.0] AndroidManifest.xml:26:13-72
162
163        <meta-data
163-->[com.google.android.gms:play-services-basement:17.0.0] AndroidManifest.xml:23:9-25:69
164            android:name="com.google.android.gms.version"
164-->[com.google.android.gms:play-services-basement:17.0.0] AndroidManifest.xml:24:13-58
165            android:value="@integer/google_play_services_version" />
165-->[com.google.android.gms:play-services-basement:17.0.0] AndroidManifest.xml:25:13-66
166
167        <activity android:name="com.facebook.CustomTabMainActivity" />
167-->[com.facebook.android:facebook-common:5.5.1] AndroidManifest.xml:33:9-71
167-->[com.facebook.android:facebook-common:5.5.1] AndroidManifest.xml:33:19-68
168        <!--
169         The initialization ContentProvider will call FacebookSdk.sdkInitialize automatically
170         with the application context. This config is merged in with the host app's manifest,
171         but there can only be one provider with the same authority activated at any given
172         point; so if the end user has two or more different apps that use Facebook SDK, only the
173         first one will be able to use the provider. To work around this problem, we use the
174         following placeholder in the authority to identify each host application as if it was
175         a completely different provider.
176        -->
177        <provider
177-->[com.facebook.android:facebook-core:5.5.1] AndroidManifest.xml:39:9-42:40
178            android:name="com.facebook.internal.FacebookInitProvider"
178-->[com.facebook.android:facebook-core:5.5.1] AndroidManifest.xml:40:13-70
179            android:authorities="com.example.itutor.FacebookInitProvider"
179-->[com.facebook.android:facebook-core:5.5.1] AndroidManifest.xml:41:13-72
180            android:exported="false" />
180-->[com.facebook.android:facebook-core:5.5.1] AndroidManifest.xml:42:13-37
181
182        <receiver
182-->[com.facebook.android:facebook-core:5.5.1] AndroidManifest.xml:44:9-50:20
183            android:name="com.facebook.CurrentAccessTokenExpirationBroadcastReceiver"
183-->[com.facebook.android:facebook-core:5.5.1] AndroidManifest.xml:45:13-86
184            android:exported="false" >
184-->[com.facebook.android:facebook-core:5.5.1] AndroidManifest.xml:46:13-37
185            <intent-filter>
185-->[com.facebook.android:facebook-core:5.5.1] AndroidManifest.xml:47:13-49:29
186                <action android:name="com.facebook.sdk.ACTION_CURRENT_ACCESS_TOKEN_CHANGED" />
186-->[com.facebook.android:facebook-core:5.5.1] AndroidManifest.xml:48:17-95
186-->[com.facebook.android:facebook-core:5.5.1] AndroidManifest.xml:48:25-92
187            </intent-filter>
188        </receiver>
189        <receiver
189-->[com.facebook.android:facebook-core:5.5.1] AndroidManifest.xml:51:9-58:20
190            android:name="com.facebook.CampaignTrackingReceiver"
190-->[com.facebook.android:facebook-core:5.5.1] AndroidManifest.xml:52:13-65
191            android:exported="true"
191-->[com.facebook.android:facebook-core:5.5.1] AndroidManifest.xml:53:13-36
192            android:permission="android.permission.INSTALL_PACKAGES" >
192-->[com.facebook.android:facebook-core:5.5.1] AndroidManifest.xml:54:13-69
193            <intent-filter>
193-->[com.google.android.gms:play-services-measurement:17.2.2] AndroidManifest.xml:39:13-41:29
194                <action android:name="com.android.vending.INSTALL_REFERRER" />
194-->[com.google.android.gms:play-services-measurement:17.2.2] AndroidManifest.xml:40:17-79
194-->[com.google.android.gms:play-services-measurement:17.2.2] AndroidManifest.xml:40:25-76
195            </intent-filter>
196        </receiver>
197    </application>
198
199</manifest>